info: el servidor funciona correctamente en el puerto 8080
info: el servidor funciona correctamente en el puerto 8080
debug: Hola desde el request index home 游때 (debug)
verbose: Hola desde el request index home 游때 (verbose)
http: Hola desde el request index home 游때 (http)
info: Hola desde el request index home 游때 (info)
warn: Hola desde el request index home 游때 (warn)
error: Hola desde el request index home 游때 (error)
info: el servidor funciona correctamente en el puerto 8080
info: el servidor funciona correctamente en el puerto 8080
info: Adding product 65bb3466e284d001141592c4 to the cart for user 65a45411cd77845e9cff416f
info: el servidor funciona correctamente en el puerto 8080
info: el servidor funciona correctamente en el puerto 8080
info: el servidor funciona correctamente en el puerto 8080
info: el servidor funciona correctamente en el puerto 8080
info: el servidor funciona correctamente en el puerto 8080
info: el servidor funciona correctamente en el puerto 8080
info: el servidor funciona correctamente en el puerto 8080
info: el servidor funciona correctamente en el puerto 8080
info: el servidor funciona correctamente en el puerto 8080
info: el servidor funciona correctamente en el puerto 8080
info: el servidor funciona correctamente en el puerto 8080
info: el servidor funciona correctamente en el puerto 8080
info: el servidor funciona correctamente en el puerto 8080
info: el servidor funciona correctamente en el puerto 8080
info: el servidor funciona correctamente en el puerto 8080
info: el servidor funciona correctamente en el puerto 8080
info: el servidor funciona correctamente en el puerto 8080
info: el servidor funciona correctamente en el puerto 8080
info: el servidor funciona correctamente en el puerto 8080
info: el servidor funciona correctamente en el puerto 8080
info: el servidor funciona correctamente en el puerto 8080
info: el servidor funciona correctamente en el puerto 8080
info: el servidor funciona correctamente en el puerto 8080
info: el servidor funciona correctamente en el puerto 8080
info: el servidor funciona correctamente en el puerto 8080
info: el servidor funciona correctamente en el puerto 8080
info: el servidor funciona correctamente en el puerto 8080
info: el servidor funciona correctamente en el puerto 8080
info: el servidor funciona correctamente en el puerto 8080
info: el servidor funciona correctamente en el puerto 8080
info: el servidor funciona correctamente en el puerto 8080
info: el servidor funciona correctamente en el puerto 8080
info: el servidor funciona correctamente en el puerto 8080
info: el servidor funciona correctamente en el puerto 8080
info: el servidor funciona correctamente en el puerto 8080
info: el servidor funciona correctamente en el puerto 8080
info: el servidor funciona correctamente en el puerto 8080
info: el servidor funciona correctamente en el puerto 8080
info: el servidor funciona correctamente en el puerto 8080
info: el servidor funciona correctamente en el puerto 8080
info: el servidor funciona correctamente en el puerto 8080
info: el servidor funciona correctamente en el puerto 8080
info: el servidor funciona correctamente en el puerto 8080
info: el servidor funciona correctamente en el puerto 8080
info: el servidor funciona correctamente en el puerto 8080
info: el servidor funciona correctamente en el puerto 8080
info: el servidor funciona correctamente en el puerto 8080
info: el servidor funciona correctamente en el puerto 8080
info: el servidor funciona correctamente en el puerto 8080
info: el servidor funciona correctamente en el puerto 8080
info: el servidor funciona correctamente en el puerto 8080
info: el servidor funciona correctamente en el puerto 8080
info: el servidor funciona correctamente en el puerto 8080
info: el servidor funciona correctamente en el puerto 8080
info: el servidor funciona correctamente en el puerto 8080
info: el servidor funciona correctamente en el puerto 8080
info: el servidor funciona correctamente en el puerto 8080
info: el servidor funciona correctamente en el puerto 8080
info: el servidor funciona correctamente en el puerto 8080
info: el servidor funciona correctamente en el puerto 8080
info: el servidor funciona correctamente en el puerto 8080
info: el servidor funciona correctamente en el puerto 8080
info: el servidor funciona correctamente en el puerto 8080
info: el servidor funciona correctamente en el puerto 8080
info: el servidor funciona correctamente en el puerto 8080
info: el servidor funciona correctamente en el puerto 8080
info: el servidor funciona correctamente en el puerto 8080
info: el servidor funciona correctamente en el puerto 8080
info: el servidor funciona correctamente en el puerto 8080
info: el servidor funciona correctamente en el puerto 8080
info: el servidor funciona correctamente en el puerto 8080
info: el servidor funciona correctamente en el puerto 8080
info: el servidor funciona correctamente en el puerto 8080
info: el servidor funciona correctamente en el puerto 8080
info: el servidor funciona correctamente en el puerto 8080
info: el servidor funciona correctamente en el puerto 8080
info: el servidor funciona correctamente en el puerto 8080
info: el servidor funciona correctamente en el puerto 8080
info: el servidor funciona correctamente en el puerto 8080
info: el servidor funciona correctamente en el puerto 8080
info: el servidor funciona correctamente en el puerto 8080
info: el servidor funciona correctamente en el puerto 8080
info: el servidor funciona correctamente en el puerto 8080
info: el servidor funciona correctamente en el puerto 8080
info: el servidor funciona correctamente en el puerto 8080
info: el servidor funciona correctamente en el puerto 8080
info: el servidor funciona correctamente en el puerto 8080
info: el servidor funciona correctamente en el puerto 8080
info: el servidor funciona correctamente en el puerto 8080
info: el servidor funciona correctamente en el puerto 8080
info: el servidor funciona correctamente en el puerto 8080
info: el servidor funciona correctamente en el puerto 8080
info: el servidor funciona correctamente en el puerto 8080
info: el servidor funciona correctamente en el puerto 8080
info: el servidor funciona correctamente en el puerto 8080
info: el servidor funciona correctamente en el puerto 8080
info: el servidor funciona correctamente en el puerto 8080
info: el servidor funciona correctamente en el puerto 8080
info: el servidor funciona correctamente en el puerto 8080
info: el servidor funciona correctamente en el puerto 8080
info: el servidor funciona correctamente en el puerto 8080
info: el servidor funciona correctamente en el puerto 8080
info: el servidor funciona correctamente en el puerto 8080
info: el servidor funciona correctamente en el puerto 8080
info: el servidor funciona correctamente en el puerto 8080
info: el servidor funciona correctamente en el puerto 8080
info: el servidor funciona correctamente en el puerto 8080
info: el servidor funciona correctamente en el puerto 8080
info: el servidor funciona correctamente en el puerto 8080
info: el servidor funciona correctamente en el puerto 8080
info: el servidor funciona correctamente en el puerto 8080
info: el servidor funciona correctamente en el puerto 8080
info: el servidor funciona correctamente en el puerto 8080
info: el servidor funciona correctamente en el puerto 8080
info: el servidor funciona correctamente en el puerto 8080
info: el servidor funciona correctamente en el puerto 8080
info: el servidor funciona correctamente en el puerto 8080
info: el servidor funciona correctamente en el puerto 8080
info: el servidor funciona correctamente en el puerto 8080
info: el servidor funciona correctamente en el puerto 8080
info: el servidor funciona correctamente en el puerto 8080
info: el servidor funciona correctamente en el puerto 8080
info: el servidor funciona correctamente en el puerto 8080
info: el servidor funciona correctamente en el puerto 8080
info: el servidor funciona correctamente en el puerto 8080
info: el servidor funciona correctamente en el puerto 8080
info: el servidor funciona correctamente en el puerto 8080
info: el servidor funciona correctamente en el puerto 8080
info: el servidor funciona correctamente en el puerto 8080
info: el servidor funciona correctamente en el puerto 8080
info: el servidor funciona correctamente en el puerto 8080
info: el servidor funciona correctamente en el puerto 8080
info: el servidor funciona correctamente en el puerto 8080
info: el servidor funciona correctamente en el puerto 8080
info: el servidor funciona correctamente en el puerto 8080
info: el servidor funciona correctamente en el puerto 8080
info: el servidor funciona correctamente en el puerto 8080
info: el servidor funciona correctamente en el puerto 8080
info: el servidor funciona correctamente en el puerto 8080
info: el servidor funciona correctamente en el puerto 8080
info: el servidor funciona correctamente en el puerto 8080
info: el servidor funciona correctamente en el puerto 8080
info: el servidor funciona correctamente en el puerto 8080
info: el servidor funciona correctamente en el puerto 8080
info: el servidor funciona correctamente en el puerto 8080
info: el servidor funciona correctamente en el puerto 8080
info: el servidor funciona correctamente en el puerto 8080
info: el servidor funciona correctamente en el puerto 8080
info: el servidor funciona correctamente en el puerto 8080
info: el servidor funciona correctamente en el puerto 8080
info: el servidor funciona correctamente en el puerto 8080
info: el servidor funciona correctamente en el puerto 8080
info: el servidor funciona correctamente en el puerto 8080
info: el servidor funciona correctamente en el puerto 8080
info: el servidor funciona correctamente en el puerto 8080
info: el servidor funciona correctamente en el puerto 8080
info: el servidor funciona correctamente en el puerto 8080
info: el servidor funciona correctamente en el puerto 8080
info: el servidor funciona correctamente en el puerto 8080
info: el servidor funciona correctamente en el puerto 8080
info: el servidor funciona correctamente en el puerto 8080
info: el servidor funciona correctamente en el puerto 8080
info: el servidor funciona correctamente en el puerto 8080
info: el servidor funciona correctamente en el puerto 8080
info: el servidor funciona correctamente en el puerto 8080
info: el servidor funciona correctamente en el puerto 8080
info: el servidor funciona correctamente en el puerto 8080
info: el servidor funciona correctamente en el puerto 8080
info: el servidor funciona correctamente en el puerto 8080
info: el servidor funciona correctamente en el puerto 8080
info: el servidor funciona correctamente en el puerto 8080
info: el servidor funciona correctamente en el puerto 8080
info: el servidor funciona correctamente en el puerto 8080
info: el servidor funciona correctamente en el puerto 8080
info: el servidor funciona correctamente en el puerto 8080
info: el servidor funciona correctamente en el puerto 8080
info: el servidor funciona correctamente en el puerto 8080
info: el servidor funciona correctamente en el puerto 8080
info: el servidor funciona correctamente en el puerto 8080
info: el servidor funciona correctamente en el puerto 8080
info: el servidor funciona correctamente en el puerto 8080
info: el servidor funciona correctamente en el puerto 8080
info: el servidor funciona correctamente en el puerto 8080
info: el servidor funciona correctamente en el puerto 8080
info: el servidor funciona correctamente en el puerto 8080
info: el servidor funciona correctamente en el puerto 8080
info: el servidor funciona correctamente en el puerto 8080
info: el servidor funciona correctamente en el puerto 8080
info: el servidor funciona correctamente en el puerto 8080
info: el servidor funciona correctamente en el puerto 8080
info: el servidor funciona correctamente en el puerto 8080
info: el servidor funciona correctamente en el puerto 8080
info: el servidor funciona correctamente en el puerto 8080
info: el servidor funciona correctamente en el puerto 8080
info: el servidor funciona correctamente en el puerto 8080
info: el servidor funciona correctamente en el puerto 8080
info: el servidor funciona correctamente en el puerto 8080
info: el servidor funciona correctamente en el puerto 8080
info: el servidor funciona correctamente en el puerto 8080
info: el servidor funciona correctamente en el puerto 8080
info: el servidor funciona correctamente en el puerto 8080
info: el servidor funciona correctamente en el puerto 8080
info: el servidor funciona correctamente en el puerto 8080
info: el servidor funciona correctamente en el puerto 8080
info: el servidor funciona correctamente en el puerto 8080
info: el servidor funciona correctamente en el puerto 8080
info: el servidor funciona correctamente en el puerto 8080
info: el servidor funciona correctamente en el puerto 8080
info: el servidor funciona correctamente en el puerto 8080
info: el servidor funciona correctamente en el puerto 8080
info: el servidor funciona correctamente en el puerto 8080
info: el servidor funciona correctamente en el puerto 8080
info: el servidor funciona correctamente en el puerto 8080
info: el servidor funciona correctamente en el puerto 8080
info: el servidor funciona correctamente en el puerto 8080
info: el servidor funciona correctamente en el puerto 8080
info: el servidor funciona correctamente en el puerto 8080
info: el servidor funciona correctamente en el puerto 8080
info: el servidor funciona correctamente en el puerto 8080
info: el servidor funciona correctamente en el puerto 8080
info: el servidor funciona correctamente en el puerto 8080
info: el servidor funciona correctamente en el puerto 8080
info: el servidor funciona correctamente en el puerto 8080
info: el servidor funciona correctamente en el puerto 8080
info: el servidor funciona correctamente en el puerto 8080
info: el servidor funciona correctamente en el puerto 8080
info: el servidor funciona correctamente en el puerto 8080
info: el servidor funciona correctamente en el puerto 8080
info: el servidor funciona correctamente en el puerto 8080
info: el servidor funciona correctamente en el puerto 8080
info: el servidor funciona correctamente en el puerto 8080
info: el servidor funciona correctamente en el puerto 8080
info: el servidor funciona correctamente en el puerto 8080
info: el servidor funciona correctamente en el puerto 8080
info: el servidor funciona correctamente en el puerto 8080
info: el servidor funciona correctamente en el puerto 8080
info: el servidor funciona correctamente en el puerto 8080
info: el servidor funciona correctamente en el puerto 8080
info: el servidor funciona correctamente en el puerto 8080
info: el servidor funciona correctamente en el puerto 8080
info: el servidor funciona correctamente en el puerto 8080
info: el servidor funciona correctamente en el puerto 8080
info: el servidor funciona correctamente en el puerto 8080
info: el servidor funciona correctamente en el puerto 8080
info: el servidor funciona correctamente en el puerto 8080
info: el servidor funciona correctamente en el puerto 8080
info: el servidor funciona correctamente en el puerto 8080
info: el servidor funciona correctamente en el puerto 8080
info: el servidor funciona correctamente en el puerto 8080
info: el servidor funciona correctamente en el puerto 8080
info: el servidor funciona correctamente en el puerto 8080
info: el servidor funciona correctamente en el puerto 8080
info: el servidor funciona correctamente en el puerto 8080
info: el servidor funciona correctamente en el puerto 8080
info: el servidor funciona correctamente en el puerto 8080
info: el servidor funciona correctamente en el puerto 8080
info: el servidor funciona correctamente en el puerto 8080
info: el servidor funciona correctamente en el puerto 8080
info: el servidor funciona correctamente en el puerto 8080
info: el servidor funciona correctamente en el puerto 8080
info: el servidor funciona correctamente en el puerto 8080
info: el servidor funciona correctamente en el puerto 8080
info: el servidor funciona correctamente en el puerto 8080
info: el servidor funciona correctamente en el puerto 8080
info: el servidor funciona correctamente en el puerto 8080
info: el servidor funciona correctamente en el puerto 8080
info: el servidor funciona correctamente en el puerto 8080
info: el servidor funciona correctamente en el puerto 8080
info: el servidor funciona correctamente en el puerto 8080
info: el servidor funciona correctamente en el puerto 8080
info: el servidor funciona correctamente en el puerto 8080
info: el servidor funciona correctamente en el puerto 8080
info: el servidor funciona correctamente en el puerto 8080
info: el servidor funciona correctamente en el puerto 8080
info: el servidor funciona correctamente en el puerto 8080
info: el servidor funciona correctamente en el puerto 8080
info: el servidor funciona correctamente en el puerto 8080
info: el servidor funciona correctamente en el puerto 8080
info: el servidor funciona correctamente en el puerto 8080
info: el servidor funciona correctamente en el puerto 8080
info: el servidor funciona correctamente en el puerto 8080
info: el servidor funciona correctamente en el puerto 8080
info: el servidor funciona correctamente en el puerto 8080
info: el servidor funciona correctamente en el puerto 8080
info: el servidor funciona correctamente en el puerto 8080
info: el servidor funciona correctamente en el puerto 8080
info: el servidor funciona correctamente en el puerto 8080
info: el servidor funciona correctamente en el puerto 8080
info: el servidor funciona correctamente en el puerto 8080
info: el servidor funciona correctamente en el puerto 8080
info: el servidor funciona correctamente en el puerto 8080
info: el servidor funciona correctamente en el puerto 8080
info: el servidor funciona correctamente en el puerto 8080
info: el servidor funciona correctamente en el puerto 8080
info: el servidor funciona correctamente en el puerto 8080
info: el servidor funciona correctamente en el puerto 8080
info: el servidor funciona correctamente en el puerto 8080
info: el servidor funciona correctamente en el puerto 8080
info: el servidor funciona correctamente en el puerto 8080
info: el servidor funciona correctamente en el puerto 8080
info: el servidor funciona correctamente en el puerto 8080
info: el servidor funciona correctamente en el puerto 8080
info: el servidor funciona correctamente en el puerto 8080
info: el servidor funciona correctamente en el puerto 8080
info: el servidor funciona correctamente en el puerto 8080
info: el servidor funciona correctamente en el puerto 8080
info: el servidor funciona correctamente en el puerto 8080
info: el servidor funciona correctamente en el puerto 8080
info: el servidor funciona correctamente en el puerto 8080
info: el servidor funciona correctamente en el puerto 8080
info: el servidor funciona correctamente en el puerto 8080
info: el servidor funciona correctamente en el puerto 8080
info: el servidor funciona correctamente en el puerto 8080
info: el servidor funciona correctamente en el puerto 8080
info: el servidor funciona correctamente en el puerto 8080
info: el servidor funciona correctamente en el puerto 8080
info: el servidor funciona correctamente en el puerto 8080
info: el servidor funciona correctamente en el puerto 8080
info: el servidor funciona correctamente en el puerto 8080
info: el servidor funciona correctamente en el puerto 8080
info: el servidor funciona correctamente en el puerto 8080
info: el servidor funciona correctamente en el puerto 8080
info: el servidor funciona correctamente en el puerto 8080
info: el servidor funciona correctamente en el puerto 8080
info: el servidor funciona correctamente en el puerto 8080
info: el servidor funciona correctamente en el puerto 8080
info: el servidor funciona correctamente en el puerto 8080
